f:\code_c\c++e-commerce platform-2021(with admin)4.0-try4.0\client\debug\vc142.pdb
f:\code_c\c++e-commerce platform-2021(with admin)4.0-try4.0\client\debug\vc142.idb
f:\code_c\c++e-commerce platform-2021(with admin)4.0-try4.0\client\debug\user_func.obj
f:\code_c\c++e-commerce platform-2021(with admin)4.0-try4.0\client\debug\user.obj
f:\code_c\c++e-commerce platform-2021(with admin)4.0-try4.0\client\debug\screen_jump.obj
f:\code_c\c++e-commerce platform-2021(with admin)4.0-try4.0\client\debug\main.obj
f:\code_c\c++e-commerce platform-2021(with admin)4.0-try4.0\client\debug\goods_func.obj
f:\code_c\c++e-commerce platform-2021(with admin)4.0-try4.0\client\debug\goods.obj
f:\code_c\c++e-commerce platform-2021(with admin)4.0-try4.0\client\debug\client.obj
f:\code_c\c++e-commerce platform-2021(with admin)4.0-try4.0\client\debug\cart_func.obj
f:\code_c\c++e-commerce platform-2021(with admin)4.0-try4.0\client\debug\cart.obj
f:\code_c\c++e-commerce platform-2021(with admin)4.0-try4.0\client\debug\client.ilk
f:\code_c\c++e-commerce platform-2021(with admin)4.0-try4.0\client\debug\client.exe
f:\code_c\c++e-commerce platform-2021(with admin)4.0-try4.0\client\debug\client.pdb
f:\code_c\c++e-commerce platform-2021(with admin)4.0-try4.0\client\debug\client.tlog\cl.command.1.tlog
f:\code_c\c++e-commerce platform-2021(with admin)4.0-try4.0\client\debug\client.tlog\cl.read.1.tlog
f:\code_c\c++e-commerce platform-2021(with admin)4.0-try4.0\client\debug\client.tlog\cl.write.1.tlog
f:\code_c\c++e-commerce platform-2021(with admin)4.0-try4.0\client\debug\client.tlog\link.command.1.tlog
f:\code_c\c++e-commerce platform-2021(with admin)4.0-try4.0\client\debug\client.tlog\link.read.1.tlog
f:\code_c\c++e-commerce platform-2021(with admin)4.0-try4.0\client\debug\client.tlog\link.write.1.tlog
