  cart.cpp
  cart_func.cpp
F:\code_C\C++E-commerce platform-2021(with admin)4.0-try4.0\server\cart_func.cpp(16,3): warning C4996: 'strcpy': This function or variable may be unsafe. Consider using strcpy_s instead. To disable deprecation, use _CRT_SECURE_NO_WARNINGS. See online help for details.
F:\code_C\C++E-commerce platform-2021(with admin)4.0-try4.0\server\cart_func.cpp(24,2): warning C4996: 'strcpy': This function or variable may be unsafe. Consider using strcpy_s instead. To disable deprecation, use _CRT_SECURE_NO_WARNINGS. See online help for details.
F:\code_C\C++E-commerce platform-2021(with admin)4.0-try4.0\server\cart_func.cpp(35,2): warning C4996: 'strcpy': This function or variable may be unsafe. Consider using strcpy_s instead. To disable deprecation, use _CRT_SECURE_NO_WARNINGS. See online help for details.
F:\code_C\C++E-commerce platform-2021(with admin)4.0-try4.0\server\cart_func.cpp(110,4): warning C4996: 'strcpy': This function or variable may be unsafe. Consider using strcpy_s instead. To disable deprecation, use _CRT_SECURE_NO_WARNINGS. See online help for details.
F:\code_C\C++E-commerce platform-2021(with admin)4.0-try4.0\server\cart_func.cpp(133,4): warning C4996: 'strcpy': This function or variable may be unsafe. Consider using strcpy_s instead. To disable deprecation, use _CRT_SECURE_NO_WARNINGS. See online help for details.
F:\code_C\C++E-commerce platform-2021(with admin)4.0-try4.0\server\cart_func.cpp(157,5): warning C4996: 'strcpy': This function or variable may be unsafe. Consider using strcpy_s instead. To disable deprecation, use _CRT_SECURE_NO_WARNINGS. See online help for details.
F:\code_C\C++E-commerce platform-2021(with admin)4.0-try4.0\server\cart_func.cpp(170,5): warning C4996: 'strcpy': This function or variable may be unsafe. Consider using strcpy_s instead. To disable deprecation, use _CRT_SECURE_NO_WARNINGS. See online help for details.
F:\code_C\C++E-commerce platform-2021(with admin)4.0-try4.0\server\cart_func.cpp(196,3): warning C4996: 'strcpy': This function or variable may be unsafe. Consider using strcpy_s instead. To disable deprecation, use _CRT_SECURE_NO_WARNINGS. See online help for details.
F:\code_C\C++E-commerce platform-2021(with admin)4.0-try4.0\server\cart_func.cpp(204,2): warning C4996: 'strcpy': This function or variable may be unsafe. Consider using strcpy_s instead. To disable deprecation, use _CRT_SECURE_NO_WARNINGS. See online help for details.
F:\code_C\C++E-commerce platform-2021(with admin)4.0-try4.0\server\cart_func.cpp(217,2): warning C4996: 'strcpy': This function or variable may be unsafe. Consider using strcpy_s instead. To disable deprecation, use _CRT_SECURE_NO_WARNINGS. See online help for details.
F:\code_C\C++E-commerce platform-2021(with admin)4.0-try4.0\server\cart_func.cpp(266,4): warning C4996: 'strcpy': This function or variable may be unsafe. Consider using strcpy_s instead. To disable deprecation, use _CRT_SECURE_NO_WARNINGS. See online help for details.
F:\code_C\C++E-commerce platform-2021(with admin)4.0-try4.0\server\cart_func.cpp(277,4): warning C4996: 'strcpy': This function or variable may be unsafe. Consider using strcpy_s instead. To disable deprecation, use _CRT_SECURE_NO_WARNINGS. See online help for details.
F:\code_C\C++E-commerce platform-2021(with admin)4.0-try4.0\server\cart_func.cpp(356,4): warning C4996: 'strcpy': This function or variable may be unsafe. Consider using strcpy_s instead. To disable deprecation, use _CRT_SECURE_NO_WARNINGS. See online help for details.
F:\code_C\C++E-commerce platform-2021(with admin)4.0-try4.0\server\cart_func.cpp(363,4): warning C4996: 'strcpy': This function or variable may be unsafe. Consider using strcpy_s instead. To disable deprecation, use _CRT_SECURE_NO_WARNINGS. See online help for details.
F:\code_C\C++E-commerce platform-2021(with admin)4.0-try4.0\server\cart_func.cpp(370,4): warning C4996: 'strcpy': This function or variable may be unsafe. Consider using strcpy_s instead. To disable deprecation, use _CRT_SECURE_NO_WARNINGS. See online help for details.
F:\code_C\C++E-commerce platform-2021(with admin)4.0-try4.0\server\cart_func.cpp(378,2): warning C4996: 'strcpy': This function or variable may be unsafe. Consider using strcpy_s instead. To disable deprecation, use _CRT_SECURE_NO_WARNINGS. See online help for details.
F:\code_C\C++E-commerce platform-2021(with admin)4.0-try4.0\server\cart_func.cpp(338,6): warning C4101: “goods_type”: 未引用的局部变量
F:\code_C\C++E-commerce platform-2021(with admin)4.0-try4.0\server\cart_func.cpp(337,6): warning C4101: “goods_quantity”: 未引用的局部变量
F:\code_C\C++E-commerce platform-2021(with admin)4.0-try4.0\server\cart_func.cpp(393,3): warning C4996: 'strcpy': This function or variable may be unsafe. Consider using strcpy_s instead. To disable deprecation, use _CRT_SECURE_NO_WARNINGS. See online help for details.
F:\code_C\C++E-commerce platform-2021(with admin)4.0-try4.0\server\cart_func.cpp(401,2): warning C4996: 'strcpy': This function or variable may be unsafe. Consider using strcpy_s instead. To disable deprecation, use _CRT_SECURE_NO_WARNINGS. See online help for details.
F:\code_C\C++E-commerce platform-2021(with admin)4.0-try4.0\server\cart_func.cpp(452,3): warning C4996: 'strcpy': This function or variable may be unsafe. Consider using strcpy_s instead. To disable deprecation, use _CRT_SECURE_NO_WARNINGS. See online help for details.
F:\code_C\C++E-commerce platform-2021(with admin)4.0-try4.0\server\cart_func.cpp(463,3): warning C4996: 'strcpy': This function or variable may be unsafe. Consider using strcpy_s instead. To disable deprecation, use _CRT_SECURE_NO_WARNINGS. See online help for details.
F:\code_C\C++E-commerce platform-2021(with admin)4.0-try4.0\server\cart_func.cpp(481,3): warning C4996: 'strcpy': This function or variable may be unsafe. Consider using strcpy_s instead. To disable deprecation, use _CRT_SECURE_NO_WARNINGS. See online help for details.
F:\code_C\C++E-commerce platform-2021(with admin)4.0-try4.0\server\cart_func.cpp(489,2): warning C4996: 'strcpy': This function or variable may be unsafe. Consider using strcpy_s instead. To disable deprecation, use _CRT_SECURE_NO_WARNINGS. See online help for details.
F:\code_C\C++E-commerce platform-2021(with admin)4.0-try4.0\server\cart_func.cpp(506,5): warning C4996: 'strcpy': This function or variable may be unsafe. Consider using strcpy_s instead. To disable deprecation, use _CRT_SECURE_NO_WARNINGS. See online help for details.
F:\code_C\C++E-commerce platform-2021(with admin)4.0-try4.0\server\cart_func.cpp(517,3): warning C4996: 'strcpy': This function or variable may be unsafe. Consider using strcpy_s instead. To disable deprecation, use _CRT_SECURE_NO_WARNINGS. See online help for details.
F:\code_C\C++E-commerce platform-2021(with admin)4.0-try4.0\server\cart_func.cpp(526,3): warning C4996: 'strcpy': This function or variable may be unsafe. Consider using strcpy_s instead. To disable deprecation, use _CRT_SECURE_NO_WARNINGS. See online help for details.
F:\code_C\C++E-commerce platform-2021(with admin)4.0-try4.0\server\cart_func.cpp(568,2): warning C4996: 'strcpy': This function or variable may be unsafe. Consider using strcpy_s instead. To disable deprecation, use _CRT_SECURE_NO_WARNINGS. See online help for details.
F:\code_C\C++E-commerce platform-2021(with admin)4.0-try4.0\server\cart_func.cpp(580,3): warning C4996: 'strcpy': This function or variable may be unsafe. Consider using strcpy_s instead. To disable deprecation, use _CRT_SECURE_NO_WARNINGS. See online help for details.
F:\code_C\C++E-commerce platform-2021(with admin)4.0-try4.0\server\cart_func.cpp(589,3): warning C4996: 'strcpy': This function or variable may be unsafe. Consider using strcpy_s instead. To disable deprecation, use _CRT_SECURE_NO_WARNINGS. See online help for details.
F:\code_C\C++E-commerce platform-2021(with admin)4.0-try4.0\server\cart_func.cpp(632,2): warning C4996: 'strcpy': This function or variable may be unsafe. Consider using strcpy_s instead. To disable deprecation, use _CRT_SECURE_NO_WARNINGS. See online help for details.
  goods.cpp
  goods_func.cpp
F:\code_C\C++E-commerce platform-2021(with admin)4.0-try4.0\server\goods_func.cpp(27,4): warning C4996: 'strcpy': This function or variable may be unsafe. Consider using strcpy_s instead. To disable deprecation, use _CRT_SECURE_NO_WARNINGS. See online help for details.
F:\code_C\C++E-commerce platform-2021(with admin)4.0-try4.0\server\goods_func.cpp(36,4): warning C4996: 'strcpy': This function or variable may be unsafe. Consider using strcpy_s instead. To disable deprecation, use _CRT_SECURE_NO_WARNINGS. See online help for details.
F:\code_C\C++E-commerce platform-2021(with admin)4.0-try4.0\server\goods_func.cpp(45,4): warning C4996: 'strcpy': This function or variable may be unsafe. Consider using strcpy_s instead. To disable deprecation, use _CRT_SECURE_NO_WARNINGS. See online help for details.
F:\code_C\C++E-commerce platform-2021(with admin)4.0-try4.0\server\goods_func.cpp(67,4): warning C4996: 'strcpy': This function or variable may be unsafe. Consider using strcpy_s instead. To disable deprecation, use _CRT_SECURE_NO_WARNINGS. See online help for details.
F:\code_C\C++E-commerce platform-2021(with admin)4.0-try4.0\server\goods_func.cpp(76,4): warning C4996: 'strcpy': This function or variable may be unsafe. Consider using strcpy_s instead. To disable deprecation, use _CRT_SECURE_NO_WARNINGS. See online help for details.
F:\code_C\C++E-commerce platform-2021(with admin)4.0-try4.0\server\goods_func.cpp(85,4): warning C4996: 'strcpy': This function or variable may be unsafe. Consider using strcpy_s instead. To disable deprecation, use _CRT_SECURE_NO_WARNINGS. See online help for details.
F:\code_C\C++E-commerce platform-2021(with admin)4.0-try4.0\server\goods_func.cpp(107,4): warning C4996: 'strcpy': This function or variable may be unsafe. Consider using strcpy_s instead. To disable deprecation, use _CRT_SECURE_NO_WARNINGS. See online help for details.
F:\code_C\C++E-commerce platform-2021(with admin)4.0-try4.0\server\goods_func.cpp(116,4): warning C4996: 'strcpy': This function or variable may be unsafe. Consider using strcpy_s instead. To disable deprecation, use _CRT_SECURE_NO_WARNINGS. See online help for details.
F:\code_C\C++E-commerce platform-2021(with admin)4.0-try4.0\server\goods_func.cpp(125,4): warning C4996: 'strcpy': This function or variable may be unsafe. Consider using strcpy_s instead. To disable deprecation, use _CRT_SECURE_NO_WARNINGS. See online help for details.
F:\code_C\C++E-commerce platform-2021(with admin)4.0-try4.0\server\goods_func.cpp(139,2): warning C4996: 'strcpy': This function or variable may be unsafe. Consider using strcpy_s instead. To disable deprecation, use _CRT_SECURE_NO_WARNINGS. See online help for details.
F:\code_C\C++E-commerce platform-2021(with admin)4.0-try4.0\server\goods_func.cpp(178,5): warning C4996: 'strcpy': This function or variable may be unsafe. Consider using strcpy_s instead. To disable deprecation, use _CRT_SECURE_NO_WARNINGS. See online help for details.
F:\code_C\C++E-commerce platform-2021(with admin)4.0-try4.0\server\goods_func.cpp(187,5): warning C4996: 'strcpy': This function or variable may be unsafe. Consider using strcpy_s instead. To disable deprecation, use _CRT_SECURE_NO_WARNINGS. See online help for details.
F:\code_C\C++E-commerce platform-2021(with admin)4.0-try4.0\server\goods_func.cpp(196,5): warning C4996: 'strcpy': This function or variable may be unsafe. Consider using strcpy_s instead. To disable deprecation, use _CRT_SECURE_NO_WARNINGS. See online help for details.
F:\code_C\C++E-commerce platform-2021(with admin)4.0-try4.0\server\goods_func.cpp(218,5): warning C4996: 'strcpy': This function or variable may be unsafe. Consider using strcpy_s instead. To disable deprecation, use _CRT_SECURE_NO_WARNINGS. See online help for details.
F:\code_C\C++E-commerce platform-2021(with admin)4.0-try4.0\server\goods_func.cpp(227,5): warning C4996: 'strcpy': This function or variable may be unsafe. Consider using strcpy_s instead. To disable deprecation, use _CRT_SECURE_NO_WARNINGS. See online help for details.
F:\code_C\C++E-commerce platform-2021(with admin)4.0-try4.0\server\goods_func.cpp(236,5): warning C4996: 'strcpy': This function or variable may be unsafe. Consider using strcpy_s instead. To disable deprecation, use _CRT_SECURE_NO_WARNINGS. See online help for details.
F:\code_C\C++E-commerce platform-2021(with admin)4.0-try4.0\server\goods_func.cpp(258,5): warning C4996: 'strcpy': This function or variable may be unsafe. Consider using strcpy_s instead. To disable deprecation, use _CRT_SECURE_NO_WARNINGS. See online help for details.
F:\code_C\C++E-commerce platform-2021(with admin)4.0-try4.0\server\goods_func.cpp(267,5): warning C4996: 'strcpy': This function or variable may be unsafe. Consider using strcpy_s instead. To disable deprecation, use _CRT_SECURE_NO_WARNINGS. See online help for details.
F:\code_C\C++E-commerce platform-2021(with admin)4.0-try4.0\server\goods_func.cpp(276,5): warning C4996: 'strcpy': This function or variable may be unsafe. Consider using strcpy_s instead. To disable deprecation, use _CRT_SECURE_NO_WARNINGS. See online help for details.
F:\code_C\C++E-commerce platform-2021(with admin)4.0-try4.0\server\goods_func.cpp(289,2): warning C4996: 'strcpy': This function or variable may be unsafe. Consider using strcpy_s instead. To disable deprecation, use _CRT_SECURE_NO_WARNINGS. See online help for details.
F:\code_C\C++E-commerce platform-2021(with admin)4.0-try4.0\server\goods_func.cpp(297,3): warning C4996: 'strcpy': This function or variable may be unsafe. Consider using strcpy_s instead. To disable deprecation, use _CRT_SECURE_NO_WARNINGS. See online help for details.
  in_out.cpp
F:\code_C\C++E-commerce platform-2021(with admin)4.0-try4.0\server\in_out.cpp(21,2): warning C4996: 'sscanf': This function or variable may be unsafe. Consider using sscanf_s instead. To disable deprecation, use _CRT_SECURE_NO_WARNINGS. See online help for details.
F:\code_C\C++E-commerce platform-2021(with admin)4.0-try4.0\server\in_out.cpp(44,7): warning C4996: 'strtok': This function or variable may be unsafe. Consider using strtok_s instead. To disable deprecation, use _CRT_SECURE_NO_WARNINGS. See online help for details.
F:\code_C\C++E-commerce platform-2021(with admin)4.0-try4.0\server\in_out.cpp(50,5): warning C4996: 'sscanf': This function or variable may be unsafe. Consider using sscanf_s instead. To disable deprecation, use _CRT_SECURE_NO_WARNINGS. See online help for details.
F:\code_C\C++E-commerce platform-2021(with admin)4.0-try4.0\server\in_out.cpp(60,5): warning C4996: 'sscanf': This function or variable may be unsafe. Consider using sscanf_s instead. To disable deprecation, use _CRT_SECURE_NO_WARNINGS. See online help for details.
F:\code_C\C++E-commerce platform-2021(with admin)4.0-try4.0\server\in_out.cpp(64,5): warning C4996: 'sscanf': This function or variable may be unsafe. Consider using sscanf_s instead. To disable deprecation, use _CRT_SECURE_NO_WARNINGS. See online help for details.
F:\code_C\C++E-commerce platform-2021(with admin)4.0-try4.0\server\in_out.cpp(68,5): warning C4996: 'sscanf': This function or variable may be unsafe. Consider using sscanf_s instead. To disable deprecation, use _CRT_SECURE_NO_WARNINGS. See online help for details.
F:\code_C\C++E-commerce platform-2021(with admin)4.0-try4.0\server\in_out.cpp(75,5): warning C4996: 'sscanf': This function or variable may be unsafe. Consider using sscanf_s instead. To disable deprecation, use _CRT_SECURE_NO_WARNINGS. See online help for details.
F:\code_C\C++E-commerce platform-2021(with admin)4.0-try4.0\server\in_out.cpp(79,8): warning C4996: 'strtok': This function or variable may be unsafe. Consider using strtok_s instead. To disable deprecation, use _CRT_SECURE_NO_WARNINGS. See online help for details.
F:\code_C\C++E-commerce platform-2021(with admin)4.0-try4.0\server\in_out.cpp(157,7): warning C4996: 'strtok': This function or variable may be unsafe. Consider using strtok_s instead. To disable deprecation, use _CRT_SECURE_NO_WARNINGS. See online help for details.
F:\code_C\C++E-commerce platform-2021(with admin)4.0-try4.0\server\in_out.cpp(164,5): warning C4996: 'sscanf': This function or variable may be unsafe. Consider using sscanf_s instead. To disable deprecation, use _CRT_SECURE_NO_WARNINGS. See online help for details.
F:\code_C\C++E-commerce platform-2021(with admin)4.0-try4.0\server\in_out.cpp(175,5): warning C4996: 'sscanf': This function or variable may be unsafe. Consider using sscanf_s instead. To disable deprecation, use _CRT_SECURE_NO_WARNINGS. See online help for details.
F:\code_C\C++E-commerce platform-2021(with admin)4.0-try4.0\server\in_out.cpp(181,8): warning C4996: 'strtok': This function or variable may be unsafe. Consider using strtok_s instead. To disable deprecation, use _CRT_SECURE_NO_WARNINGS. See online help for details.
F:\code_C\C++E-commerce platform-2021(with admin)4.0-try4.0\server\in_out.cpp(231,7): warning C4996: 'strtok': This function or variable may be unsafe. Consider using strtok_s instead. To disable deprecation, use _CRT_SECURE_NO_WARNINGS. See online help for details.
F:\code_C\C++E-commerce platform-2021(with admin)4.0-try4.0\server\in_out.cpp(237,5): warning C4996: 'sscanf': This function or variable may be unsafe. Consider using sscanf_s instead. To disable deprecation, use _CRT_SECURE_NO_WARNINGS. See online help for details.
F:\code_C\C++E-commerce platform-2021(with admin)4.0-try4.0\server\in_out.cpp(244,5): warning C4996: 'sscanf': This function or variable may be unsafe. Consider using sscanf_s instead. To disable deprecation, use _CRT_SECURE_NO_WARNINGS. See online help for details.
F:\code_C\C++E-commerce platform-2021(with admin)4.0-try4.0\server\in_out.cpp(251,5): warning C4996: 'sscanf': This function or variable may be unsafe. Consider using sscanf_s instead. To disable deprecation, use _CRT_SECURE_NO_WARNINGS. See online help for details.
F:\code_C\C++E-commerce platform-2021(with admin)4.0-try4.0\server\in_out.cpp(255,8): warning C4996: 'strtok': This function or variable may be unsafe. Consider using strtok_s instead. To disable deprecation, use _CRT_SECURE_NO_WARNINGS. See online help for details.
F:\code_C\C++E-commerce platform-2021(with admin)4.0-try4.0\server\in_out.cpp(214,10): warning C4101: “k”: 未引用的局部变量
  main.cpp
F:\code_C\C++E-commerce platform-2021(with admin)4.0-try4.0\server\main.cpp(55,6): warning C4101: “r”: 未引用的局部变量
  server.cpp
F:\code_C\C++E-commerce platform-2021(with admin)4.0-try4.0\server\server.cpp(26,30): warning C4996: 'inet_addr': Use inet_pton() or InetPton() instead or define _WINSOCK_DEPRECATED_NO_WARNINGS to disable deprecated API warnings
F:\code_C\C++E-commerce platform-2021(with admin)4.0-try4.0\server\server.cpp(131,31): warning C4996: 'inet_addr': Use inet_pton() or InetPton() instead or define _WINSOCK_DEPRECATED_NO_WARNINGS to disable deprecated API warnings
F:\code_C\C++E-commerce platform-2021(with admin)4.0-try4.0\server\server.cpp(228,2): warning C4996: 'strcpy': This function or variable may be unsafe. Consider using strcpy_s instead. To disable deprecation, use _CRT_SECURE_NO_WARNINGS. See online help for details.
  user.cpp
  user_func.cpp
F:\code_C\C++E-commerce platform-2021(with admin)4.0-try4.0\server\user_func.cpp(63,4): warning C4996: 'strcpy': This function or variable may be unsafe. Consider using strcpy_s instead. To disable deprecation, use _CRT_SECURE_NO_WARNINGS. See online help for details.
F:\code_C\C++E-commerce platform-2021(with admin)4.0-try4.0\server\user_func.cpp(78,3): warning C4996: 'strcpy': This function or variable may be unsafe. Consider using strcpy_s instead. To disable deprecation, use _CRT_SECURE_NO_WARNINGS. See online help for details.
  正在生成代码...
F:\code_C\C++E-commerce platform-2021(with admin)4.0-try4.0\server\cart_func.cpp(183): warning C4715: “cart_func::add_cart”: 不是所有的控件路径都返回值
  server.vcxproj -> F:\code_C\C++E-commerce platform-2021(with admin)4.0-try4.0\server\Debug\server.exe
