f:\code_c\c++e-commerce platform-2021(with admin)4.0-try4.0\server\debug\vc142.pdb
f:\code_c\c++e-commerce platform-2021(with admin)4.0-try4.0\server\debug\vc142.idb
f:\code_c\c++e-commerce platform-2021(with admin)4.0-try4.0\server\debug\user_func.obj
f:\code_c\c++e-commerce platform-2021(with admin)4.0-try4.0\server\debug\user.obj
f:\code_c\c++e-commerce platform-2021(with admin)4.0-try4.0\server\debug\server.obj
f:\code_c\c++e-commerce platform-2021(with admin)4.0-try4.0\server\debug\main.obj
f:\code_c\c++e-commerce platform-2021(with admin)4.0-try4.0\server\debug\in_out.obj
f:\code_c\c++e-commerce platform-2021(with admin)4.0-try4.0\server\debug\goods_func.obj
f:\code_c\c++e-commerce platform-2021(with admin)4.0-try4.0\server\debug\goods.obj
f:\code_c\c++e-commerce platform-2021(with admin)4.0-try4.0\server\debug\cart_func.obj
f:\code_c\c++e-commerce platform-2021(with admin)4.0-try4.0\server\debug\cart.obj
f:\code_c\c++e-commerce platform-2021(with admin)4.0-try4.0\server\debug\server.ilk
f:\code_c\c++e-commerce platform-2021(with admin)4.0-try4.0\server\debug\server.exe
f:\code_c\c++e-commerce platform-2021(with admin)4.0-try4.0\server\debug\server.pdb
f:\code_c\c++e-commerce platform-2021(with admin)4.0-try4.0\server\debug\server.tlog\cl.command.1.tlog
f:\code_c\c++e-commerce platform-2021(with admin)4.0-try4.0\server\debug\server.tlog\cl.read.1.tlog
f:\code_c\c++e-commerce platform-2021(with admin)4.0-try4.0\server\debug\server.tlog\cl.write.1.tlog
f:\code_c\c++e-commerce platform-2021(with admin)4.0-try4.0\server\debug\server.tlog\link.command.1.tlog
f:\code_c\c++e-commerce platform-2021(with admin)4.0-try4.0\server\debug\server.tlog\link.read.1.tlog
f:\code_c\c++e-commerce platform-2021(with admin)4.0-try4.0\server\debug\server.tlog\link.write.1.tlog
